build/app/outputs/mapping/release/seeds.txt
com.instamatching.mobile.MainActivity
com.instamatching.mobile.MainActivity: MainActivity()
...
androidx.window.layout.WindowMetricsCalculator$Companion
com.google.android.recaptcha.internal.zzgf
com.yalantis.ucrop.view.GestureCropImageView
androidx.window.layout.FoldingFeature$Orientation$Companion
androidx.window.layout.FoldingFeature$State$Companion
androidx.window.core.Version$bigInteger$2
com.google.android.gms.maps.model.LatLng
androidx.lifecycle.LegacySavedStateHandleController$tryToAddRecreator$1
androidx.window.layout.WindowMetricsCalculator$Companion$overrideDecorator$1
androidx.window.layout.WindowInfoTracker$Companion
androidx.window.embedding.ActivityStack
androidx.window.embedding.SplitController
com.google.android.recaptcha.internal.zzfk
com.google.firebase.concurrent.ExecutorsRegistrar
io.grpc.internal.JndiResourceResolverFactory
androidx.appcompat.widget.ViewStubCompat
com.google.android.play.core.integrity.IntegrityManagerFactory
com.google.android.play.core.integrity.w
com.google.android.recaptcha.internal.zzgr
com.google.android.gms.tasks.zze
com.google.android.play.core.integrity.g
com.google.android.recaptcha.internal.zzcc
com.google.android.recaptcha.internal.zzgk
com.google.android.gms.ads.MobileAdsInitProvider
com.google.android.recaptcha.internal.zzaq
androidx.work.ArrayCreatingInputMerger
com.google.android.gms.tasks.zzv
com.google.android.recaptcha.internal.zzhz
androidx.appcompat.widget.FitWindowsLinearLayout
androidx.window.layout.SidecarCompat$FirstAttachAdapter
com.google.firebase.messaging.FirebaseMessagingService
com.google.android.gms.auth.api.signin.GoogleSignInOptions
com.google.android.recaptcha.internal.zzmj
com.google.android.recaptcha.internal.zzmd
com.google.android.recaptcha.internal.zzii
com.google.android.recaptcha.internal.zzkm
androidx.window.embedding.ExtensionEmbeddingBackend
androidx.window.layout.SidecarCompat$DistinctSidecarElementCallback
io.grpc.internal.PickFirstLoadBalancerProvider
com.google.android.recaptcha.internal.zzlf
androidx.window.embedding.EmbeddingInterfaceCompat
com.google.android.recaptcha.internal.zzjq
com.google.android.recaptcha.internal.zzjy
kotlinx.coroutines.android.AndroidDispatcherFactory
com.google.android.play.core.integrity.c
androidx.appcompat.widget.ContentFrameLayout
com.google.android.recaptcha.internal.zzaf
com.google.android.recaptcha.internal.zzbo
androidx.fragment.app.Fragment$5
com.google.android.recaptcha.internal.zzfw
com.google.android.recaptcha.internal.zzes
com.google.android.recaptcha.internal.zzar
io.flutter.view.FlutterCallbackInformation
androidx.appcompat.widget.ActionMenuView
androidx.work.impl.background.systemalarm.ConstraintProxyUpdateReceiver
com.google.android.play.core.integrity.n
com.google.android.recaptcha.internal.zzij
com.google.android.gms.tasks.zzab
com.google.android.recaptcha.internal.zzjf
com.google.android.recaptcha.internal.zzjw
com.google.android.gms.dynamite.descriptors.com.google.android.gms.ads.dynamite.ModuleDescriptor
io.flutter.plugins.firebase.messaging.FlutterFirebaseAppRegistrar
com.google.android.recaptcha.internal.zzll
com.google.android.gms.common.GooglePlayServicesMissingManifestValueException
com.google.android.gms.auth.api.signin.internal.SignInConfiguration
com.google.android.recaptcha.internal.zzlt
com.google.android.gms.ads.AdService
androidx.window.layout.WindowMetrics
androidx.fragment.app.FragmentManager$6
com.google.android.datatransport.runtime.scheduling.jobscheduling.JobInfoSchedulerService
com.google.android.recaptcha.internal.zzhv
com.google.android.gms.tasks.zzaa
com.google.android.recaptcha.internal.zzy
com.google.firebase.datatransport.TransportRegistrar
com.yalantis.ucrop.view.UCropView
com.google.android.recaptcha.internal.zzla
com.google.android.gms.tasks.zzc
com.google.android.recaptcha.internal.zzjx
com.google.android.recaptcha.internal.zzjt
com.google.android.recaptcha.internal.zzda
androidx.window.layout.SidecarCompat
com.google.android.gms.tasks.zzt
com.google.android.recaptcha.internal.zzlp
com.google.android.gms.common.api.Status