build/app/outputs/mapping/release/usage.txt
com.instamatching.mobile.BuildConfig
com.instamatching.mobile.R$anim
com.instamatching.mobile.R$animator
com.instamatching.mobile.R$attr
com.instamatching.mobile.R$bool
com.instamatching.mobile.R$color
com.instamatching.mobile.R$dimen
com.instamatching.mobile.R$drawable
com.instamatching.mobile.R$id
com.instamatching.mobile.R$integer
com.instamatching.mobile.R$interpolator
com.instamatching.mobile.R$layout
com.instamatching.mobile.R$menu
com.instamatching.mobile.R$mipmap
com.instamatching.mobile.R$raw
com.instamatching.mobile.R$string
com.instamatching.mobile.R$style
com.instamatching.mobile.R$styleable
com.instamatching.mobile.R$xml
com.instamatching.mobile.R
...
androidx.appcompat.app.AppCompatDelegateImpl$1
androidx.appcompat.app.AppCompatDelegateImpl$4
androidx.appcompat.app.AppCompatDelegateImpl:
    private static boolean sInstalledExceptionHandler
androidx.appcompat.widget.AppCompatTextViewAutoSizeHelper:
    private static java.lang.Object accessAndReturnWithDefault(java.lang.Object,java.lang.String,java.lang.Object)
    private android.text.StaticLayout createStaticLayoutForMeasuringPre16(java.lang.CharSequence,android.text.Layout$Alignment,int)
    private static java.lang.reflect.Field getTextViewField(java.lang.String)
androidx.appcompat.widget.ContentFrameLayout:
    public void dispatchFitSystemWindows(android.graphics.Rect)
androidx.appcompat.widget.FitWindowsViewGroup
androidx.browser.customtabs.CustomTabsCallback:
    public void extraCallback(java.lang.String,android.os.Bundle)
    public android.os.Bundle extraCallbackWithResult(java.lang.String,android.os.Bundle)
    public void onMessageChannelReady(android.os.Bundle)
    public void onNavigationEvent(int,android.os.Bundle)
    public void onPostMessage(java.lang.String,android.os.Bundle)
    public void onRelationshipValidationResult(int,android.net.Uri,boolean,android.os.Bundle)
androidx.browser.customtabs.CustomTabsClient$2$1
androidx.browser.customtabs.CustomTabsClient$2$2
androidx.browser.customtabs.CustomTabsClient$2$3
androidx.browser.customtabs.CustomTabsClient$2$4
androidx.browser.customtabs.CustomTabsClient$2$5
androidx.browser.customtabs.CustomTabsClient$2:
    final synthetic androidx.browser.customtabs.CustomTabsCallback val$callback
androidx.core.R$id:
    public static final int tag_transition_group
androidx.core.app.ActivityOptionsCompat:
    public android.os.Bundle toBundle()
androidx.core.app.BundleCompat$BeforeApi18Impl
androidx.core.app.NotificationCompat$Action:
    public androidx.core.app.RemoteInput[] getDataOnlyRemoteInputs()
androidx.core.app.NotificationCompat$BubbleMetadata$Api29Impl
androidx.core.app.NotificationCompat$BubbleMetadata$Api30Impl
androidx.core.app.NotificationCompat$BubbleMetadata:
    public boolean getAutoExpandBubble()
    public android.app.PendingIntent getDeleteIntent()
    public int getDesiredHeight()
    public int getDesiredHeightResId()
    public androidx.core.graphics.drawable.IconCompat getIcon()
    public android.app.PendingIntent getIntent()
    public java.lang.String getShortcutId()
    public boolean isNotificationSuppressed()
androidx.core.app.NotificationCompat$Builder:
    androidx.core.app.NotificationCompat$BubbleMetadata mBubbleMetadata
    androidx.core.content.LocusIdCompat mLocusId
androidx.core.app.NotificationCompatJellybean:
    private static java.lang.reflect.Field sExtrasField
    private static boolean sExtrasFieldAccessFailed
    public static android.util.SparseArray buildActionExtrasMap(java.util.List)
    public static android.os.Bundle getExtras(android.app.Notification)
    public static android.os.Bundle writeActionAndGetExtras(android.app.Notification$Builder,androidx.core.app.NotificationCompat$Action)
androidx.core.app.RemoteInput$Api26Impl$$InternalSyntheticApiModelOutline$1$4d9eadf30418bb102ccccfb521bf2b5ecdbb891fe0adeb138d38d18a75e7f8b7$0
androidx.core.app.RemoteInput$Api26Impl$$InternalSyntheticApiModelOutline$1$652b21b2260b88548e108a363b9fcaf56776ff7642a320cfe357491561b6d4cc$0
androidx.core.app.RemoteInput$Api26Impl$$InternalSyntheticApiModelOutline$1$bf9cde77d5e8fdceb133cb2db5a6537c4ee04dbb830dc7181f318427cf7ed005$0
androidx.core.app.RemoteInput$Api26Impl$$InternalSyntheticApiModelOutline$1$e75ecb5064e52543d2e498b22dc672e1a40b299652c7e017dd638c3eeba62f4c$0
androidx.core.app.RemoteInput$Api26Impl
androidx.core.app.RemoteInput$Api29Impl$$InternalSyntheticApiModelOutline$1$d3746ee3f324361ee2999a9f556003628247fa0745505baf8e59edc6f27c70b2$0
androidx.core.app.RemoteInput$Api29Impl$$InternalSyntheticApiModelOutline$1$e5e38b49daf2c8d56afc79c1aad00972eb2a9b3b6be17da5d0454c7c4332e0d5$0
androidx.core.app.RemoteInput$Api29Impl